2015-02-04 17:38:46,272 WARN org.apache.hadoop.util.NativeCodeLoader: Unable to load native-hadoop library for your platform... using builtin-java classes where applicable
2015-02-04 17:38:48,099 INFO org.apache.hadoop.conf.Configuration.deprecation: session.id is deprecated. Instead, use dfs.metrics.session-id
2015-02-04 17:38:48,114 INFO org.apache.hadoop.metrics.jvm.JvmMetrics: Initializing JVM Metrics with processName=JobTracker, sessionId=
2015-02-04 17:38:50,766 WARN org.apache.hadoop.mapreduce.JobSubmitter: Hadoop command-line option parsing not performed. Implement the Tool interface and execute your application with ToolRunner to remedy this.
2015-02-04 17:38:50,781 WARN org.apache.hadoop.mapreduce.JobSubmitter: No job jar file set.  User classes may not be found. See Job or Job#setJar(String).
2015-02-04 17:38:50,831 INFO org.apache.hadoop.mapreduce.lib.input.FileInputFormat: Total input paths to process : 1
2015-02-04 17:38:51,253 INFO org.apache.hadoop.mapreduce.JobSubmitter: number of splits:1
2015-02-04 17:38:52,644 INFO org.apache.hadoop.mapreduce.JobSubmitter: Submitting tokens for job: job_local2091652528_0001
2015-02-04 17:38:53,298 WARN org.apache.hadoop.conf.Configuration: file:/tmp/hadoop-cloudera/mapred/staging/cloudera2091652528/.staging/job_local2091652528_0001/job.xml:an attempt to override final parameter: mapreduce.job.end-notification.max.retry.interval;  Ignoring.
2015-02-04 17:38:53,449 WARN org.apache.hadoop.conf.Configuration: file:/tmp/hadoop-cloudera/mapred/staging/cloudera2091652528/.staging/job_local2091652528_0001/job.xml:an attempt to override final parameter: mapreduce.job.end-notification.max.attempts;  Ignoring.
2015-02-04 17:38:55,169 WARN org.apache.hadoop.conf.Configuration: file:/tmp/hadoop-cloudera/mapred/local/localRunner/cloudera/job_local2091652528_0001/job_local2091652528_0001.xml:an attempt to override final parameter: mapreduce.job.end-notification.max.retry.interval;  Ignoring.
2015-02-04 17:38:55,244 WARN org.apache.hadoop.conf.Configuration: file:/tmp/hadoop-cloudera/mapred/local/localRunner/cloudera/job_local2091652528_0001/job_local2091652528_0001.xml:an attempt to override final parameter: mapreduce.job.end-notification.max.attempts;  Ignoring.
2015-02-04 17:38:55,370 INFO org.apache.hadoop.mapreduce.Job: The url to track the job: http://localhost:8080/
2015-02-04 17:38:55,385 INFO org.apache.hadoop.mapreduce.Job: Running job: job_local2091652528_0001
2015-02-04 17:38:55,401 INFO org.apache.hadoop.mapred.LocalJobRunner: OutputCommitter set in config null
2015-02-04 17:38:55,528 INFO org.apache.hadoop.mapred.LocalJobRunner: OutputCommitter is org.apache.hadoop.mapreduce.lib.output.FileOutputCommitter
2015-02-04 17:38:56,224 INFO org.apache.hadoop.mapred.LocalJobRunner: Waiting for map tasks
2015-02-04 17:38:56,230 INFO org.apache.hadoop.mapred.LocalJobRunner: Starting task: attempt_local2091652528_0001_m_000000_0
2015-02-04 17:38:56,420 INFO org.apache.hadoop.mapreduce.Job: Job job_local2091652528_0001 running in uber mode : false
2015-02-04 17:38:56,432 INFO org.apache.hadoop.mapreduce.Job:  map 0% reduce 0%
2015-02-04 17:38:56,782 INFO org.apache.hadoop.mapred.Task:  Using ResourceCalculatorProcessTree : [ ]
2015-02-04 17:38:56,826 INFO org.apache.hadoop.mapred.MapTask: Processing split: file:/home/cloudera/git/CS246/HW2/data.txt:0+702940
2015-02-04 17:38:57,803 INFO org.apache.hadoop.mapred.MapTask: (EQUATOR) 0 kvi 26214396(104857584)
2015-02-04 17:38:57,808 INFO org.apache.hadoop.mapred.MapTask: mapreduce.task.io.sort.mb: 100
2015-02-04 17:38:57,809 INFO org.apache.hadoop.mapred.MapTask: soft limit at 83886080
2015-02-04 17:38:57,809 INFO org.apache.hadoop.mapred.MapTask: bufstart = 0; bufvoid = 104857600
2015-02-04 17:38:57,810 INFO org.apache.hadoop.mapred.MapTask: kvstart = 26214396; length = 6553600
2015-02-04 17:38:57,880 INFO org.apache.hadoop.mapred.MapTask: Map output collector class = org.apache.hadoop.mapred.MapTask$MapOutputBuffer
2015-02-04 17:39:02,707 INFO org.apache.hadoop.mapred.LocalJobRunner: map > map
2015-02-04 17:39:03,476 INFO org.apache.hadoop.mapreduce.Job:  map 7% reduce 0%
2015-02-04 17:39:05,714 INFO org.apache.hadoop.mapred.LocalJobRunner: map > map
2015-02-04 17:39:06,483 INFO org.apache.hadoop.mapreduce.Job:  map 18% reduce 0%
2015-02-04 17:39:08,723 INFO org.apache.hadoop.mapred.LocalJobRunner: map > map
2015-02-04 17:39:09,489 INFO org.apache.hadoop.mapreduce.Job:  map 31% reduce 0%
2015-02-04 17:39:11,731 INFO org.apache.hadoop.mapred.LocalJobRunner: map > map
2015-02-04 17:39:12,496 INFO org.apache.hadoop.mapreduce.Job:  map 44% reduce 0%
2015-02-04 17:39:14,734 INFO org.apache.hadoop.mapred.LocalJobRunner: map > map
2015-02-04 17:39:15,502 INFO org.apache.hadoop.mapreduce.Job:  map 54% reduce 0%
2015-02-04 17:39:17,630 INFO org.apache.hadoop.mapred.LocalJobRunner: map > map
2015-02-04 17:39:17,633 INFO org.apache.hadoop.mapred.MapTask: Starting flush of map output
2015-02-04 17:39:17,633 INFO org.apache.hadoop.mapred.MapTask: Spilling map output
2015-02-04 17:39:17,633 INFO org.apache.hadoop.mapred.MapTask: bufstart = 0; bufend = 794247; bufvoid = 104857600
2015-02-04 17:39:17,634 INFO org.apache.hadoop.mapred.MapTask: kvstart = 26214396(104857584); kvend = 26177592(104710368); length = 36805/6553600
2015-02-04 17:39:17,737 INFO org.apache.hadoop.mapred.LocalJobRunner: map > sort
2015-02-04 17:39:18,509 INFO org.apache.hadoop.mapreduce.Job:  map 67% reduce 0%
2015-02-04 17:39:18,654 INFO org.apache.hadoop.mapred.MapTask: Finished spill 0
2015-02-04 17:39:18,678 INFO org.apache.hadoop.mapred.Task: Task:attempt_local2091652528_0001_m_000000_0 is done. And is in the process of committing
2015-02-04 17:39:18,685 INFO org.apache.hadoop.mapred.LocalJobRunner: map
2015-02-04 17:39:18,686 INFO org.apache.hadoop.mapred.Task: Task 'attempt_local2091652528_0001_m_000000_0' done.
2015-02-04 17:39:18,687 INFO org.apache.hadoop.mapred.LocalJobRunner: Finishing task: attempt_local2091652528_0001_m_000000_0
2015-02-04 17:39:18,687 INFO org.apache.hadoop.mapred.LocalJobRunner: map task executor complete.
2015-02-04 17:39:18,698 INFO org.apache.hadoop.mapred.LocalJobRunner: Waiting for reduce tasks
2015-02-04 17:39:18,699 INFO org.apache.hadoop.mapred.LocalJobRunner: Starting task: attempt_local2091652528_0001_r_000000_0
2015-02-04 17:39:18,742 INFO org.apache.hadoop.mapred.Task:  Using ResourceCalculatorProcessTree : [ ]
2015-02-04 17:39:18,756 INFO org.apache.hadoop.mapred.ReduceTask: Using ShuffleConsumerPlugin: org.apache.hadoop.mapreduce.task.reduce.Shuffle@2db8b352
2015-02-04 17:39:18,801 INFO org.apache.hadoop.mapreduce.task.reduce.MergeManagerImpl: MergerManager: memoryLimit=679778688, maxSingleShuffleLimit=169944672, mergeThreshold=448653952, ioSortFactor=10, memToMemMergeOutputsThreshold=10
2015-02-04 17:39:18,821 INFO org.apache.hadoop.mapreduce.task.reduce.EventFetcher: attempt_local2091652528_0001_r_000000_0 Thread started: EventFetcher for fetching Map Completion Events
2015-02-04 17:39:18,971 INFO org.apache.hadoop.mapreduce.task.reduce.LocalFetcher: localfetcher#1 about to shuffle output of map attempt_local2091652528_0001_m_000000_0 decomp: 816556 len: 816560 to MEMORY
2015-02-04 17:39:18,985 INFO org.apache.hadoop.mapreduce.task.reduce.InMemoryMapOutput: Read 816556 bytes from map-output for attempt_local2091652528_0001_m_000000_0
2015-02-04 17:39:19,104 INFO org.apache.hadoop.mapreduce.task.reduce.MergeManagerImpl: closeInMemoryFile -> map-output of size: 816556, inMemoryMapOutputs.size() -> 1, commitMemory -> 0, usedMemory ->816556
2015-02-04 17:39:19,107 INFO org.apache.hadoop.mapreduce.task.reduce.EventFetcher: EventFetcher is interrupted.. Returning
2015-02-04 17:39:19,110 INFO org.apache.hadoop.mapred.LocalJobRunner: 1 / 1 copied.
2015-02-04 17:39:19,117 INFO org.apache.hadoop.mapreduce.task.reduce.MergeManagerImpl: finalMerge called with 1 in-memory map-outputs and 0 on-disk map-outputs
2015-02-04 17:39:19,179 INFO org.apache.hadoop.mapred.Merger: Merging 1 sorted segments
2015-02-04 17:39:19,180 INFO org.apache.hadoop.mapred.Merger: Down to the last merge-pass, with 1 segments left of total size: 816551 bytes
2015-02-04 17:39:19,510 INFO org.apache.hadoop.mapreduce.Job:  map 100% reduce 0%
2015-02-04 17:39:19,529 INFO org.apache.hadoop.mapreduce.task.reduce.MergeManagerImpl: Merged 1 segments, 816556 bytes to disk to satisfy reduce memory limit
2015-02-04 17:39:19,530 INFO org.apache.hadoop.mapreduce.task.reduce.MergeManagerImpl: Merging 1 files, 816560 bytes from disk
2015-02-04 17:39:19,532 INFO org.apache.hadoop.mapreduce.task.reduce.MergeManagerImpl: Merging 0 segments, 0 bytes from memory into reduce
2015-02-04 17:39:19,533 INFO org.apache.hadoop.mapred.Merger: Merging 1 sorted segments
2015-02-04 17:39:19,535 INFO org.apache.hadoop.mapred.Merger: Down to the last merge-pass, with 1 segments left of total size: 816551 bytes
2015-02-04 17:39:19,536 INFO org.apache.hadoop.mapred.LocalJobRunner: 1 / 1 copied.
2015-02-04 17:39:19,566 INFO org.apache.hadoop.conf.Configuration.deprecation: mapred.skip.on is deprecated. Instead, use mapreduce.job.skiprecords
2015-02-04 17:39:21,996 INFO org.apache.hadoop.mapred.Task: Task:attempt_local2091652528_0001_r_000000_0 is done. And is in the process of committing
2015-02-04 17:39:22,019 INFO org.apache.hadoop.mapred.LocalJobRunner: 1 / 1 copied.
2015-02-04 17:39:22,020 INFO org.apache.hadoop.mapred.Task: Task attempt_local2091652528_0001_r_000000_0 is allowed to commit now
2015-02-04 17:39:22,032 INFO org.apache.hadoop.mapreduce.lib.output.FileOutputCommitter: Saved output of task 'attempt_local2091652528_0001_r_000000_0' to file:/home/cloudera/git/CS246/HW2/output0/_temporary/0/task_local2091652528_0001_r_000000
2015-02-04 17:39:22,039 INFO org.apache.hadoop.mapred.LocalJobRunner: reduce > reduce
2015-02-04 17:39:22,041 INFO org.apache.hadoop.mapred.Task: Task 'attempt_local2091652528_0001_r_000000_0' done.
2015-02-04 17:39:22,042 INFO org.apache.hadoop.mapred.LocalJobRunner: Finishing task: attempt_local2091652528_0001_r_000000_0
2015-02-04 17:39:22,044 INFO org.apache.hadoop.mapred.LocalJobRunner: reduce task executor complete.
2015-02-04 17:39:22,517 INFO org.apache.hadoop.mapreduce.Job:  map 100% reduce 100%
2015-02-04 17:39:22,525 INFO org.apache.hadoop.mapreduce.Job: Job job_local2091652528_0001 completed successfully
2015-02-04 17:39:22,650 INFO org.apache.hadoop.mapreduce.Job: Counters: 33
	File System Counters
		FILE: Number of bytes read=3039360
		FILE: Number of bytes written=2957823
		FILE: Number of read operations=0
		FILE: Number of large read operations=0
		FILE: Number of write operations=0
	Map-Reduce Framework
		Map input records=4601
		Map output records=9202
		Map output bytes=794247
		Map output materialized bytes=816560
		Input split bytes=107
		Combine input records=0
		Combine output records=0
		Reduce input groups=11
		Reduce shuffle bytes=816560
		Reduce input records=9202
		Reduce output records=11
		Spilled Records=18404
		Shuffled Maps =1
		Failed Shuffles=0
		Merged Map outputs=1
		GC time elapsed (ms)=414
		CPU time spent (ms)=0
		Physical memory (bytes) snapshot=0
		Virtual memory (bytes) snapshot=0
		Total committed heap usage (bytes)=331227136
	Shuffle Errors
		BAD_ID=0
		CONNECTION=0
		IO_ERROR=0
		WRONG_LENGTH=0
		WRONG_MAP=0
		WRONG_REDUCE=0
	File Input Format Counters 
		Bytes Read=702940
	File Output Format Counters 
		Bytes Written=5987
2015-02-04 17:39:22,883 INFO org.apache.hadoop.metrics.jvm.JvmMetrics: Cannot initialize JVM Metrics with processName=JobTracker, sessionId= - already initialized
2015-02-04 17:39:22,966 WARN org.apache.hadoop.mapreduce.JobSubmitter: Hadoop command-line option parsing not performed. Implement the Tool interface and execute your application with ToolRunner to remedy this.
2015-02-04 17:39:23,017 WARN org.apache.hadoop.mapreduce.JobSubmitter: No job jar file set.  User classes may not be found. See Job or Job#setJar(String).
2015-02-04 17:39:23,041 INFO org.apache.hadoop.mapreduce.lib.input.FileInputFormat: Total input paths to process : 1
2015-02-04 17:39:23,244 INFO org.apache.hadoop.mapreduce.JobSubmitter: number of splits:1
2015-02-04 17:39:23,625 INFO org.apache.hadoop.mapreduce.JobSubmitter: Submitting tokens for job: job_local816447574_0002
2015-02-04 17:39:23,979 WARN org.apache.hadoop.conf.Configuration: file:/tmp/hadoop-cloudera/mapred/staging/cloudera816447574/.staging/job_local816447574_0002/job.xml:an attempt to override final parameter: mapreduce.job.end-notification.max.retry.interval;  Ignoring.
2015-02-04 17:39:24,021 WARN org.apache.hadoop.conf.Configuration: file:/tmp/hadoop-cloudera/mapred/staging/cloudera816447574/.staging/job_local816447574_0002/job.xml:an attempt to override final parameter: mapreduce.job.end-notification.max.attempts;  Ignoring.
2015-02-04 17:39:24,915 WARN org.apache.hadoop.conf.Configuration: file:/tmp/hadoop-cloudera/mapred/local/localRunner/cloudera/job_local816447574_0002/job_local816447574_0002.xml:an attempt to override final parameter: mapreduce.job.end-notification.max.retry.interval;  Ignoring.
2015-02-04 17:39:24,953 WARN org.apache.hadoop.conf.Configuration: file:/tmp/hadoop-cloudera/mapred/local/localRunner/cloudera/job_local816447574_0002/job_local816447574_0002.xml:an attempt to override final parameter: mapreduce.job.end-notification.max.attempts;  Ignoring.
2015-02-04 17:39:24,973 INFO org.apache.hadoop.mapreduce.Job: The url to track the job: http://localhost:8080/
2015-02-04 17:39:24,975 INFO org.apache.hadoop.mapreduce.Job: Running job: job_local816447574_0002
2015-02-04 17:39:24,985 INFO org.apache.hadoop.mapred.LocalJobRunner: OutputCommitter set in config null
2015-02-04 17:39:24,999 INFO org.apache.hadoop.mapred.LocalJobRunner: OutputCommitter is org.apache.hadoop.mapreduce.lib.output.FileOutputCommitter
2015-02-04 17:39:25,067 INFO org.apache.hadoop.mapred.LocalJobRunner: Waiting for map tasks
2015-02-04 17:39:25,069 INFO org.apache.hadoop.mapred.LocalJobRunner: Starting task: attempt_local816447574_0002_m_000000_0
2015-02-04 17:39:25,105 INFO org.apache.hadoop.mapred.Task:  Using ResourceCalculatorProcessTree : [ ]
2015-02-04 17:39:25,130 INFO org.apache.hadoop.mapred.MapTask: Processing split: file:/home/cloudera/git/CS246/HW2/data.txt:0+702940
2015-02-04 17:39:25,594 INFO org.apache.hadoop.mapred.MapTask: (EQUATOR) 0 kvi 26214396(104857584)
2015-02-04 17:39:25,600 INFO org.apache.hadoop.mapred.MapTask: mapreduce.task.io.sort.mb: 100
2015-02-04 17:39:25,601 INFO org.apache.hadoop.mapred.MapTask: soft limit at 83886080
2015-02-04 17:39:25,603 INFO org.apache.hadoop.mapred.MapTask: bufstart = 0; bufvoid = 104857600
2015-02-04 17:39:25,603 INFO org.apache.hadoop.mapred.MapTask: kvstart = 26214396; length = 6553600
2015-02-04 17:39:25,612 INFO org.apache.hadoop.mapred.MapTask: Map output collector class = org.apache.hadoop.mapred.MapTask$MapOutputBuffer
2015-02-04 17:39:25,976 INFO org.apache.hadoop.mapreduce.Job: Job job_local816447574_0002 running in uber mode : false
2015-02-04 17:39:25,979 INFO org.apache.hadoop.mapreduce.Job:  map 0% reduce 0%
2015-02-04 17:39:31,100 INFO org.apache.hadoop.mapred.LocalJobRunner: map > map
2015-02-04 17:39:31,990 INFO org.apache.hadoop.mapreduce.Job:  map 4% reduce 0%
2015-02-04 17:39:34,103 INFO org.apache.hadoop.mapred.LocalJobRunner: map > map
2015-02-04 17:39:34,996 INFO org.apache.hadoop.mapreduce.Job:  map 15% reduce 0%
2015-02-04 17:39:37,110 INFO org.apache.hadoop.mapred.LocalJobRunner: map > map
2015-02-04 17:39:38,003 INFO org.apache.hadoop.mapreduce.Job:  map 26% reduce 0%
2015-02-04 17:39:40,115 INFO org.apache.hadoop.mapred.LocalJobRunner: map > map
2015-02-04 17:39:41,014 INFO org.apache.hadoop.mapreduce.Job:  map 36% reduce 0%
2015-02-04 17:39:43,119 INFO org.apache.hadoop.mapred.LocalJobRunner: map > map
2015-02-04 17:39:44,023 INFO org.apache.hadoop.mapreduce.Job:  map 46% reduce 0%
2015-02-04 17:39:46,125 INFO org.apache.hadoop.mapred.LocalJobRunner: map > map
2015-02-04 17:39:47,033 INFO org.apache.hadoop.mapreduce.Job:  map 56% reduce 0%
2015-02-04 17:39:49,127 INFO org.apache.hadoop.mapred.LocalJobRunner: map > map
2015-02-04 17:39:49,687 INFO org.apache.hadoop.mapred.LocalJobRunner: map > map
2015-02-04 17:39:49,689 INFO org.apache.hadoop.mapred.MapTask: Starting flush of map output
2015-02-04 17:39:49,689 INFO org.apache.hadoop.mapred.MapTask: Spilling map output
2015-02-04 17:39:49,690 INFO org.apache.hadoop.mapred.MapTask: bufstart = 0; bufend = 819292; bufvoid = 104857600
2015-02-04 17:39:49,690 INFO org.apache.hadoop.mapred.MapTask: kvstart = 26214396(104857584); kvend = 26177592(104710368); length = 36805/6553600
2015-02-04 17:39:49,971 INFO org.apache.hadoop.mapred.MapTask: Finished spill 0
2015-02-04 17:39:50,036 INFO org.apache.hadoop.mapred.Task: Task:attempt_local816447574_0002_m_000000_0 is done. And is in the process of committing
2015-02-04 17:39:50,043 INFO org.apache.hadoop.mapreduce.Job:  map 65% reduce 0%
2015-02-04 17:39:50,076 INFO org.apache.hadoop.mapred.LocalJobRunner: map
2015-02-04 17:39:50,077 INFO org.apache.hadoop.mapred.Task: Task 'attempt_local816447574_0002_m_000000_0' done.
2015-02-04 17:39:50,085 INFO org.apache.hadoop.mapred.LocalJobRunner: Finishing task: attempt_local816447574_0002_m_000000_0
2015-02-04 17:39:50,095 INFO org.apache.hadoop.mapred.LocalJobRunner: map task executor complete.
2015-02-04 17:39:50,098 INFO org.apache.hadoop.mapred.LocalJobRunner: Waiting for reduce tasks
2015-02-04 17:39:50,099 INFO org.apache.hadoop.mapred.LocalJobRunner: Starting task: attempt_local816447574_0002_r_000000_0
2015-02-04 17:39:50,134 INFO org.apache.hadoop.mapred.Task:  Using ResourceCalculatorProcessTree : [ ]
2015-02-04 17:39:50,134 INFO org.apache.hadoop.mapred.ReduceTask: Using ShuffleConsumerPlugin: org.apache.hadoop.mapreduce.task.reduce.Shuffle@5ac4c508
2015-02-04 17:39:50,147 INFO org.apache.hadoop.mapreduce.task.reduce.MergeManagerImpl: MergerManager: memoryLimit=679778688, maxSingleShuffleLimit=169944672, mergeThreshold=448653952, ioSortFactor=10, memToMemMergeOutputsThreshold=10
2015-02-04 17:39:50,163 INFO org.apache.hadoop.mapreduce.task.reduce.EventFetcher: attempt_local816447574_0002_r_000000_0 Thread started: EventFetcher for fetching Map Completion Events
2015-02-04 17:39:50,186 INFO org.apache.hadoop.mapreduce.task.reduce.LocalFetcher: localfetcher#2 about to shuffle output of map attempt_local816447574_0002_m_000000_0 decomp: 841601 len: 841605 to MEMORY
2015-02-04 17:39:50,209 INFO org.apache.hadoop.mapreduce.task.reduce.InMemoryMapOutput: Read 841601 bytes from map-output for attempt_local816447574_0002_m_000000_0
2015-02-04 17:39:50,210 INFO org.apache.hadoop.mapreduce.task.reduce.MergeManagerImpl: closeInMemoryFile -> map-output of size: 841601, inMemoryMapOutputs.size() -> 1, commitMemory -> 0, usedMemory ->841601
2015-02-04 17:39:50,212 INFO org.apache.hadoop.mapreduce.task.reduce.EventFetcher: EventFetcher is interrupted.. Returning
2015-02-04 17:39:50,216 INFO org.apache.hadoop.mapred.LocalJobRunner: 1 / 1 copied.
2015-02-04 17:39:50,219 INFO org.apache.hadoop.mapreduce.task.reduce.MergeManagerImpl: finalMerge called with 1 in-memory map-outputs and 0 on-disk map-outputs
2015-02-04 17:39:50,230 INFO org.apache.hadoop.mapred.Merger: Merging 1 sorted segments
2015-02-04 17:39:50,236 INFO org.apache.hadoop.mapred.Merger: Down to the last merge-pass, with 1 segments left of total size: 841596 bytes
2015-02-04 17:39:50,608 INFO org.apache.hadoop.mapreduce.task.reduce.MergeManagerImpl: Merged 1 segments, 841601 bytes to disk to satisfy reduce memory limit
2015-02-04 17:39:50,610 INFO org.apache.hadoop.mapreduce.task.reduce.MergeManagerImpl: Merging 1 files, 841605 bytes from disk
2015-02-04 17:39:50,614 INFO org.apache.hadoop.mapreduce.task.reduce.MergeManagerImpl: Merging 0 segments, 0 bytes from memory into reduce
2015-02-04 17:39:50,615 INFO org.apache.hadoop.mapred.Merger: Merging 1 sorted segments
2015-02-04 17:39:50,620 INFO org.apache.hadoop.mapred.Merger: Down to the last merge-pass, with 1 segments left of total size: 841596 bytes
2015-02-04 17:39:50,622 INFO org.apache.hadoop.mapred.LocalJobRunner: 1 / 1 copied.
2015-02-04 17:39:51,046 INFO org.apache.hadoop.mapreduce.Job:  map 100% reduce 0%
2015-02-04 17:39:51,948 INFO org.apache.hadoop.mapred.Task: Task:attempt_local816447574_0002_r_000000_0 is done. And is in the process of committing
2015-02-04 17:39:51,955 INFO org.apache.hadoop.mapred.LocalJobRunner: 1 / 1 copied.
2015-02-04 17:39:51,956 INFO org.apache.hadoop.mapred.Task: Task attempt_local816447574_0002_r_000000_0 is allowed to commit now
2015-02-04 17:39:51,959 INFO org.apache.hadoop.mapreduce.lib.output.FileOutputCommitter: Saved output of task 'attempt_local816447574_0002_r_000000_0' to file:/home/cloudera/git/CS246/HW2/output1/_temporary/0/task_local816447574_0002_r_000000
2015-02-04 17:39:51,965 INFO org.apache.hadoop.mapred.LocalJobRunner: reduce > reduce
2015-02-04 17:39:51,965 INFO org.apache.hadoop.mapred.Task: Task 'attempt_local816447574_0002_r_000000_0' done.
2015-02-04 17:39:51,966 INFO org.apache.hadoop.mapred.LocalJobRunner: Finishing task: attempt_local816447574_0002_r_000000_0
2015-02-04 17:39:51,966 INFO org.apache.hadoop.mapred.LocalJobRunner: reduce task executor complete.
2015-02-04 17:39:52,049 INFO org.apache.hadoop.mapreduce.Job:  map 100% reduce 100%
2015-02-04 17:39:52,054 INFO org.apache.hadoop.mapreduce.Job: Job job_local816447574_0002 completed successfully
2015-02-04 17:39:52,109 INFO org.apache.hadoop.mapreduce.Job: Counters: 33
	File System Counters
		FILE: Number of bytes read=7761962
		FILE: Number of bytes written=6810957
		FILE: Number of read operations=0
		FILE: Number of large read operations=0
		FILE: Number of write operations=0
	Map-Reduce Framework
		Map input records=4601
		Map output records=9202
		Map output bytes=819292
		Map output materialized bytes=841605
		Input split bytes=107
		Combine input records=0
		Combine output records=0
		Reduce input groups=11
		Reduce shuffle bytes=841605
		Reduce input records=9202
		Reduce output records=11
		Spilled Records=18404
		Shuffled Maps =1
		Failed Shuffles=0
		Merged Map outputs=1
		GC time elapsed (ms)=410
		CPU time spent (ms)=0
		Physical memory (bytes) snapshot=0
		Virtual memory (bytes) snapshot=0
		Total committed heap usage (bytes)=425598976
	Shuffle Errors
		BAD_ID=0
		CONNECTION=0
		IO_ERROR=0
		WRONG_LENGTH=0
		WRONG_MAP=0
		WRONG_REDUCE=0
	File Input Format Counters 
		Bytes Read=702940
	File Output Format Counters 
		Bytes Written=6312
2015-02-04 17:39:52,178 INFO org.apache.hadoop.metrics.jvm.JvmMetrics: Cannot initialize JVM Metrics with processName=JobTracker, sessionId= - already initialized
2015-02-04 17:39:52,201 WARN org.apache.hadoop.mapreduce.JobSubmitter: Hadoop command-line option parsing not performed. Implement the Tool interface and execute your application with ToolRunner to remedy this.
2015-02-04 17:39:52,210 WARN org.apache.hadoop.mapreduce.JobSubmitter: No job jar file set.  User classes may not be found. See Job or Job#setJar(String).
2015-02-04 17:39:52,215 INFO org.apache.hadoop.mapreduce.lib.input.FileInputFormat: Total input paths to process : 1
2015-02-04 17:39:52,268 INFO org.apache.hadoop.mapreduce.JobSubmitter: number of splits:1
2015-02-04 17:39:52,860 INFO org.apache.hadoop.mapreduce.JobSubmitter: Submitting tokens for job: job_local1940193033_0003
2015-02-04 17:39:53,081 WARN org.apache.hadoop.conf.Configuration: file:/tmp/hadoop-cloudera/mapred/staging/cloudera1940193033/.staging/job_local1940193033_0003/job.xml:an attempt to override final parameter: mapreduce.job.end-notification.max.retry.interval;  Ignoring.
2015-02-04 17:39:53,089 WARN org.apache.hadoop.conf.Configuration: file:/tmp/hadoop-cloudera/mapred/staging/cloudera1940193033/.staging/job_local1940193033_0003/job.xml:an attempt to override final parameter: mapreduce.job.end-notification.max.attempts;  Ignoring.
2015-02-04 17:39:53,751 WARN org.apache.hadoop.conf.Configuration: file:/tmp/hadoop-cloudera/mapred/local/localRunner/cloudera/job_local1940193033_0003/job_local1940193033_0003.xml:an attempt to override final parameter: mapreduce.job.end-notification.max.retry.interval;  Ignoring.
2015-02-04 17:39:53,769 WARN org.apache.hadoop.conf.Configuration: file:/tmp/hadoop-cloudera/mapred/local/localRunner/cloudera/job_local1940193033_0003/job_local1940193033_0003.xml:an attempt to override final parameter: mapreduce.job.end-notification.max.attempts;  Ignoring.
2015-02-04 17:39:53,779 INFO org.apache.hadoop.mapreduce.Job: The url to track the job: http://localhost:8080/
2015-02-04 17:39:53,781 INFO org.apache.hadoop.mapreduce.Job: Running job: job_local1940193033_0003
2015-02-04 17:39:53,796 INFO org.apache.hadoop.mapred.LocalJobRunner: OutputCommitter set in config null
2015-02-04 17:39:53,801 INFO org.apache.hadoop.mapred.LocalJobRunner: OutputCommitter is org.apache.hadoop.mapreduce.lib.output.FileOutputCommitter
2015-02-04 17:39:53,880 INFO org.apache.hadoop.mapred.LocalJobRunner: Waiting for map tasks
2015-02-04 17:39:53,881 INFO org.apache.hadoop.mapred.LocalJobRunner: Starting task: attempt_local1940193033_0003_m_000000_0
2015-02-04 17:39:53,901 INFO org.apache.hadoop.mapred.Task:  Using ResourceCalculatorProcessTree : [ ]
2015-02-04 17:39:53,932 INFO org.apache.hadoop.mapred.MapTask: Processing split: file:/home/cloudera/git/CS246/HW2/data.txt:0+702940
2015-02-04 17:39:54,293 INFO org.apache.hadoop.mapred.MapTask: (EQUATOR) 0 kvi 26214396(104857584)
2015-02-04 17:39:54,294 INFO org.apache.hadoop.mapred.MapTask: mapreduce.task.io.sort.mb: 100
2015-02-04 17:39:54,300 INFO org.apache.hadoop.mapred.MapTask: soft limit at 83886080
2015-02-04 17:39:54,300 INFO org.apache.hadoop.mapred.MapTask: bufstart = 0; bufvoid = 104857600
2015-02-04 17:39:54,300 INFO org.apache.hadoop.mapred.MapTask: kvstart = 26214396; length = 6553600
2015-02-04 17:39:54,307 INFO org.apache.hadoop.mapred.MapTask: Map output collector class = org.apache.hadoop.mapred.MapTask$MapOutputBuffer
2015-02-04 17:39:54,788 INFO org.apache.hadoop.mapreduce.Job: Job job_local1940193033_0003 running in uber mode : false
2015-02-04 17:39:54,791 INFO org.apache.hadoop.mapreduce.Job:  map 0% reduce 0%
2015-02-04 17:39:59,909 INFO org.apache.hadoop.mapred.LocalJobRunner: map > map
2015-02-04 17:40:00,797 INFO org.apache.hadoop.mapreduce.Job:  map 32% reduce 0%
2015-02-04 17:40:02,918 INFO org.apache.hadoop.mapred.LocalJobRunner: map > map
2015-02-04 17:40:03,802 INFO org.apache.hadoop.mapreduce.Job:  map 45% reduce 0%
2015-02-04 17:40:05,921 INFO org.apache.hadoop.mapred.LocalJobRunner: map > map
2015-02-04 17:40:06,581 INFO org.apache.hadoop.mapred.LocalJobRunner: map > map
2015-02-04 17:40:06,581 INFO org.apache.hadoop.mapred.MapTask: Starting flush of map output
2015-02-04 17:40:06,582 INFO org.apache.hadoop.mapred.MapTask: Spilling map output
2015-02-04 17:40:06,582 INFO org.apache.hadoop.mapred.MapTask: bufstart = 0; bufend = 819230; bufvoid = 104857600
2015-02-04 17:40:06,582 INFO org.apache.hadoop.mapred.MapTask: kvstart = 26214396(104857584); kvend = 26177592(104710368); length = 36805/6553600
2015-02-04 17:40:06,638 INFO org.apache.hadoop.mapred.MapTask: Finished spill 0
2015-02-04 17:40:06,645 INFO org.apache.hadoop.mapred.Task: Task:attempt_local1940193033_0003_m_000000_0 is done. And is in the process of committing
2015-02-04 17:40:06,648 INFO org.apache.hadoop.mapred.LocalJobRunner: map
2015-02-04 17:40:06,649 INFO org.apache.hadoop.mapred.Task: Task 'attempt_local1940193033_0003_m_000000_0' done.
2015-02-04 17:40:06,649 INFO org.apache.hadoop.mapred.LocalJobRunner: Finishing task: attempt_local1940193033_0003_m_000000_0
2015-02-04 17:40:06,650 INFO org.apache.hadoop.mapred.LocalJobRunner: map task executor complete.
2015-02-04 17:40:06,655 INFO org.apache.hadoop.mapred.LocalJobRunner: Waiting for reduce tasks
2015-02-04 17:40:06,656 INFO org.apache.hadoop.mapred.LocalJobRunner: Starting task: attempt_local1940193033_0003_r_000000_0
2015-02-04 17:40:06,662 INFO org.apache.hadoop.mapred.Task:  Using ResourceCalculatorProcessTree : [ ]
2015-02-04 17:40:06,662 INFO org.apache.hadoop.mapred.ReduceTask: Using ShuffleConsumerPlugin: org.apache.hadoop.mapreduce.task.reduce.Shuffle@6f9edfc9
2015-02-04 17:40:06,665 INFO org.apache.hadoop.mapreduce.task.reduce.MergeManagerImpl: MergerManager: memoryLimit=679778688, maxSingleShuffleLimit=169944672, mergeThreshold=448653952, ioSortFactor=10, memToMemMergeOutputsThreshold=10
2015-02-04 17:40:06,672 INFO org.apache.hadoop.mapreduce.task.reduce.EventFetcher: attempt_local1940193033_0003_r_000000_0 Thread started: EventFetcher for fetching Map Completion Events
2015-02-04 17:40:06,680 INFO org.apache.hadoop.mapreduce.task.reduce.LocalFetcher: localfetcher#3 about to shuffle output of map attempt_local1940193033_0003_m_000000_0 decomp: 841539 len: 841543 to MEMORY
2015-02-04 17:40:06,704 INFO org.apache.hadoop.mapreduce.task.reduce.InMemoryMapOutput: Read 841539 bytes from map-output for attempt_local1940193033_0003_m_000000_0
2015-02-04 17:40:06,704 INFO org.apache.hadoop.mapreduce.task.reduce.MergeManagerImpl: closeInMemoryFile -> map-output of size: 841539, inMemoryMapOutputs.size() -> 1, commitMemory -> 0, usedMemory ->841539
2015-02-04 17:40:06,705 INFO org.apache.hadoop.mapreduce.task.reduce.EventFetcher: EventFetcher is interrupted.. Returning
2015-02-04 17:40:06,707 INFO org.apache.hadoop.mapred.LocalJobRunner: 1 / 1 copied.
2015-02-04 17:40:06,708 INFO org.apache.hadoop.mapreduce.task.reduce.MergeManagerImpl: finalMerge called with 1 in-memory map-outputs and 0 on-disk map-outputs
2015-02-04 17:40:06,710 INFO org.apache.hadoop.mapred.Merger: Merging 1 sorted segments
2015-02-04 17:40:06,711 INFO org.apache.hadoop.mapred.Merger: Down to the last merge-pass, with 1 segments left of total size: 841534 bytes
2015-02-04 17:40:06,754 INFO org.apache.hadoop.mapreduce.task.reduce.MergeManagerImpl: Merged 1 segments, 841539 bytes to disk to satisfy reduce memory limit
2015-02-04 17:40:06,754 INFO org.apache.hadoop.mapreduce.task.reduce.MergeManagerImpl: Merging 1 files, 841543 bytes from disk
2015-02-04 17:40:06,755 INFO org.apache.hadoop.mapreduce.task.reduce.MergeManagerImpl: Merging 0 segments, 0 bytes from memory into reduce
2015-02-04 17:40:06,755 INFO org.apache.hadoop.mapred.Merger: Merging 1 sorted segments
2015-02-04 17:40:06,756 INFO org.apache.hadoop.mapred.Merger: Down to the last merge-pass, with 1 segments left of total size: 841534 bytes
2015-02-04 17:40:06,756 INFO org.apache.hadoop.mapred.LocalJobRunner: 1 / 1 copied.
2015-02-04 17:40:06,805 INFO org.apache.hadoop.mapreduce.Job:  map 100% reduce 0%
2015-02-04 17:40:07,111 INFO org.apache.hadoop.mapred.Task: Task:attempt_local1940193033_0003_r_000000_0 is done. And is in the process of committing
2015-02-04 17:40:07,120 INFO org.apache.hadoop.mapred.LocalJobRunner: 1 / 1 copied.
2015-02-04 17:40:07,120 INFO org.apache.hadoop.mapred.Task: Task attempt_local1940193033_0003_r_000000_0 is allowed to commit now
2015-02-04 17:40:07,121 INFO org.apache.hadoop.mapreduce.lib.output.FileOutputCommitter: Saved output of task 'attempt_local1940193033_0003_r_000000_0' to file:/home/cloudera/git/CS246/HW2/output2/_temporary/0/task_local1940193033_0003_r_000000
2015-02-04 17:40:07,122 INFO org.apache.hadoop.mapred.LocalJobRunner: reduce > reduce
2015-02-04 17:40:07,123 INFO org.apache.hadoop.mapred.Task: Task 'attempt_local1940193033_0003_r_000000_0' done.
2015-02-04 17:40:07,123 INFO org.apache.hadoop.mapred.LocalJobRunner: Finishing task: attempt_local1940193033_0003_r_000000_0
2015-02-04 17:40:07,123 INFO org.apache.hadoop.mapred.LocalJobRunner: reduce task executor complete.
2015-02-04 17:40:07,807 INFO org.apache.hadoop.mapreduce.Job:  map 100% reduce 100%
2015-02-04 17:40:07,810 INFO org.apache.hadoop.mapreduce.Job: Job job_local1940193033_0003 completed successfully
2015-02-04 17:40:07,855 INFO org.apache.hadoop.mapreduce.Job: Counters: 33
	File System Counters
		FILE: Number of bytes read=12534530
		FILE: Number of bytes written=10692972
		FILE: Number of read operations=0
		FILE: Number of large read operations=0
		FILE: Number of write operations=0
	Map-Reduce Framework
		Map input records=4601
		Map output records=9202
		Map output bytes=819230
		Map output materialized bytes=841543
		Input split bytes=107
		Combine input records=0
		Combine output records=0
		Reduce input groups=11
		Reduce shuffle bytes=841543
		Reduce input records=9202
		Reduce output records=11
		Spilled Records=18404
		Shuffled Maps =1
		Failed Shuffles=0
		Merged Map outputs=1
		GC time elapsed (ms)=288
		CPU time spent (ms)=0
		Physical memory (bytes) snapshot=0
		Virtual memory (bytes) snapshot=0
		Total committed heap usage (bytes)=395190272
	Shuffle Errors
		BAD_ID=0
		CONNECTION=0
		IO_ERROR=0
		WRONG_LENGTH=0
		WRONG_MAP=0
		WRONG_REDUCE=0
	File Input Format Counters 
		Bytes Read=702940
	File Output Format Counters 
		Bytes Written=7357
2015-02-04 17:40:08,200 INFO org.apache.hadoop.metrics.jvm.JvmMetrics: Cannot initialize JVM Metrics with processName=JobTracker, sessionId= - already initialized
2015-02-04 17:40:08,248 WARN org.apache.hadoop.mapreduce.JobSubmitter: Hadoop command-line option parsing not performed. Implement the Tool interface and execute your application with ToolRunner to remedy this.
2015-02-04 17:40:08,273 WARN org.apache.hadoop.mapreduce.JobSubmitter: No job jar file set.  User classes may not be found. See Job or Job#setJar(String).
2015-02-04 17:40:08,283 INFO org.apache.hadoop.mapreduce.lib.input.FileInputFormat: Total input paths to process : 1
2015-02-04 17:40:08,468 INFO org.apache.hadoop.mapreduce.JobSubmitter: number of splits:1
2015-02-04 17:40:08,663 INFO org.apache.hadoop.mapreduce.JobSubmitter: Submitting tokens for job: job_local1067193621_0004
2015-02-04 17:40:08,991 WARN org.apache.hadoop.conf.Configuration: file:/tmp/hadoop-cloudera/mapred/staging/cloudera1067193621/.staging/job_local1067193621_0004/job.xml:an attempt to override final parameter: mapreduce.job.end-notification.max.retry.interval;  Ignoring.
2015-02-04 17:40:09,013 WARN org.apache.hadoop.conf.Configuration: file:/tmp/hadoop-cloudera/mapred/staging/cloudera1067193621/.staging/job_local1067193621_0004/job.xml:an attempt to override final parameter: mapreduce.job.end-notification.max.attempts;  Ignoring.
2015-02-04 17:40:10,064 WARN org.apache.hadoop.conf.Configuration: file:/tmp/hadoop-cloudera/mapred/local/localRunner/cloudera/job_local1067193621_0004/job_local1067193621_0004.xml:an attempt to override final parameter: mapreduce.job.end-notification.max.retry.interval;  Ignoring.
2015-02-04 17:40:10,089 WARN org.apache.hadoop.conf.Configuration: file:/tmp/hadoop-cloudera/mapred/local/localRunner/cloudera/job_local1067193621_0004/job_local1067193621_0004.xml:an attempt to override final parameter: mapreduce.job.end-notification.max.attempts;  Ignoring.
2015-02-04 17:40:10,099 INFO org.apache.hadoop.mapreduce.Job: The url to track the job: http://localhost:8080/
2015-02-04 17:40:10,100 INFO org.apache.hadoop.mapreduce.Job: Running job: job_local1067193621_0004
2015-02-04 17:40:10,106 INFO org.apache.hadoop.mapred.LocalJobRunner: OutputCommitter set in config null
2015-02-04 17:40:10,111 INFO org.apache.hadoop.mapred.LocalJobRunner: OutputCommitter is org.apache.hadoop.mapreduce.lib.output.FileOutputCommitter
2015-02-04 17:40:10,145 INFO org.apache.hadoop.mapred.LocalJobRunner: Waiting for map tasks
2015-02-04 17:40:10,146 INFO org.apache.hadoop.mapred.LocalJobRunner: Starting task: attempt_local1067193621_0004_m_000000_0
2015-02-04 17:40:10,162 INFO org.apache.hadoop.mapred.Task:  Using ResourceCalculatorProcessTree : [ ]
2015-02-04 17:40:10,189 INFO org.apache.hadoop.mapred.MapTask: Processing split: file:/home/cloudera/git/CS246/HW2/data.txt:0+702940
2015-02-04 17:40:10,688 INFO org.apache.hadoop.mapred.MapTask: (EQUATOR) 0 kvi 26214396(104857584)
2015-02-04 17:40:10,692 INFO org.apache.hadoop.mapred.MapTask: mapreduce.task.io.sort.mb: 100
2015-02-04 17:40:10,692 INFO org.apache.hadoop.mapred.MapTask: soft limit at 83886080
2015-02-04 17:40:10,693 INFO org.apache.hadoop.mapred.MapTask: bufstart = 0; bufvoid = 104857600
2015-02-04 17:40:10,694 INFO org.apache.hadoop.mapred.MapTask: kvstart = 26214396; length = 6553600
2015-02-04 17:40:10,704 INFO org.apache.hadoop.mapred.MapTask: Map output collector class = org.apache.hadoop.mapred.MapTask$MapOutputBuffer
2015-02-04 17:40:11,101 INFO org.apache.hadoop.mapreduce.Job: Job job_local1067193621_0004 running in uber mode : false
2015-02-04 17:40:11,109 INFO org.apache.hadoop.mapreduce.Job:  map 0% reduce 0%
2015-02-04 17:40:16,170 INFO org.apache.hadoop.mapred.LocalJobRunner: map > map
2015-02-04 17:40:17,126 INFO org.apache.hadoop.mapreduce.Job:  map 18% reduce 0%
2015-02-04 17:40:19,176 INFO org.apache.hadoop.mapred.LocalJobRunner: map > map
2015-02-04 17:40:20,132 INFO org.apache.hadoop.mapreduce.Job:  map 27% reduce 0%
2015-02-04 17:40:22,181 INFO org.apache.hadoop.mapred.LocalJobRunner: map > map
2015-02-04 17:40:23,138 INFO org.apache.hadoop.mapreduce.Job:  map 38% reduce 0%
